<?xml version="1.0" encoding="UTF-8"?>
<TestRun id="76c1d268-0bbc-4c24-bd09-12d5654d1918" name="pawel@PAWEL-KOMPUTER 2015-05-04 19:57:34" runUser="pawel-Komputer\pawel" xmlns="http://microsoft.com/schemas/VisualStudio/TeamTest/2010">
  <TestSettings name="Local" id="31046817-227f-4161-9a97-5d34efa999fb">
    <Description>These are default test settings for a local test run.</Description>
    <Deployment enabled="false" runDeploymentRoot="pawel_PAWEL-KOMPUTER 2015-05-04 19_57_34">
      <DeploymentItem filename="F:\szkola\pg\SEM3\synteza_aplikacji_biznesowych\zad2\Blog\packages\DbTestHelpers\YamlDotNet.Core.dll" />
      <DeploymentItem filename="F:\szkola\pg\SEM3\synteza_aplikacji_biznesowych\zad2\Blog\packages\EntityFramework.5.0.0\lib\net40\EntityFramework.dll" />
      <DeploymentItem filename="F:\szkola\pg\SEM3\synteza_aplikacji_biznesowych\zad2\Blog\packages\DbTestHelpers\TDD.DbTestHelpers.dll" />
      <DeploymentItem filename="F:\szkola\pg\SEM3\synteza_aplikacji_biznesowych\zad2\Blog\Blog.DAL\bin\Debug\Blog.DAL.dll" />
      <DeploymentItem filename="F:\szkola\pg\SEM3\synteza_aplikacji_biznesowych\zad2\Blog\packages\DbTestHelpers\YamlDotNet.RepresentationModel.dll" />
    </Deployment>
    <Execution>
      <TestTypeSpecific />
      <AgentRule name="Execution Agents">
      </AgentRule>
    </Execution>
  </TestSettings>
  <Times creation="2015-05-04T19:57:34.0702943+02:00" queuing="2015-05-04T19:57:36.1294121+02:00" start="2015-05-04T19:57:36.2914214+02:00" finish="2015-05-04T19:57:42.5397788+02:00" />
  <ResultSummary outcome="Completed">
    <Counters total="1" executed="1" passed="1" error="0" failed="0" timeout="0" aborted="0" inconclusive="0" passedButRunAborted="0" notRunnable="0" notExecuted="0" disconnected="0" warning="0" completed="0" inProgress="0" pending="0" />
  </ResultSummary>
  <TestDefinitions>
    <UnitTest name="GetAllPost_OnePostInDb_ReturnOnePost" storage="f:\szkola\pg\sem3\synteza_aplikacji_biznesowych\zad2\blog\blog.dal.tests\bin\debug\blog.dal.tests.dll" id="8eb3fc89-a933-3141-9fc4-10d31ead6588">
      <Execution id="156878cf-f2b1-447b-afc1-6c4459a99f6b" />
      <TestMethod codeBase="F:/szkola/pg/SEM3/synteza_aplikacji_biznesowych/zad2/Blog/Blog.DAL.Tests/bin/Debug/Blog.DAL.Tests.DLL" adapterTypeName="Microsoft.VisualStudio.TestTools.TestTypes.Unit.UnitTestAdapter, Microsoft.VisualStudio.QualityTools.Tips.UnitTest.Adapter, Version=10.0.0.0, Culture=neutral, PublicKeyToken=b03f5f7f11d50a3a" className="Blog.DAL.Tests.RepositoryTests, Blog.DAL.Tests, Version=1.0.0.0, Culture=neutral, PublicKeyToken=null" name="GetAllPost_OnePostInDb_ReturnOnePost" />
    </UnitTest>
  </TestDefinitions>
  <TestLists>
    <TestList name="Results Not in a List" id="8c84fa94-04c1-424b-9868-57a2d4851a1d" />
    <TestList name="All Loaded Results" id="19431567-8539-422a-85d7-44ee4e166bda" />
  </TestLists>
  <TestEntries>
    <TestEntry testId="8eb3fc89-a933-3141-9fc4-10d31ead6588" executionId="156878cf-f2b1-447b-afc1-6c4459a99f6b" testListId="8c84fa94-04c1-424b-9868-57a2d4851a1d" />
  </TestEntries>
  <Results>
    <UnitTestResult executionId="156878cf-f2b1-447b-afc1-6c4459a99f6b" testId="8eb3fc89-a933-3141-9fc4-10d31ead6588" testName="GetAllPost_OnePostInDb_ReturnOnePost" computerName="PAWEL-KOMPUTER" duration="00:00:05.6133054" startTime="2015-05-04T19:57:36.4394299+02:00" endTime="2015-05-04T19:57:42.4547739+02:00" testType="13cdc9d9-ddb5-4fa4-a97d-d965ccfc6d4b" outcome="Passed" testListId="8c84fa94-04c1-424b-9868-57a2d4851a1d" relativeResultsDirectory="156878cf-f2b1-447b-afc1-6c4459a99f6b">
    </UnitTestResult>
  </Results>
</TestRun>